********************************************************************************
DUPLICATOR-LITE PACKAGE-LOG: 19 Dec 2018 12:42 pm
NOTICE: Do NOT post to public sites or forums 
********************************************************************************
VERSION:	1.3.0
WORDPRESS:	5.0.1
PHP INFO:	7.1.11 | SAPI: apache2handler
SERVER:		Apache/2.4.29 (Win32) OpenSSL/1.0.2l PHP/7.1.11 
PHP TIME LIMIT: (0) no time limit imposed 
PHP MAX MEMORY: 2048M (128M default) 
MEMORY STACK: 4MB 

********************************************************************************
DATABASE:
********************************************************************************
BUILD MODE:   MYSQLDUMP
MYSQLTIMEOUT: 5000
MYSQLDUMP:    Is Supported 
SQL CREATED: 20181219_wordpressdemo_eb4abe6ed188b73f4877_20181219124145_database.sql 
SQL FILE SIZE: 4.96MB (5198735) 
SQL FILE TIME: 2018-12-19 12:42:43 
SQL RUNTIME: 7.39 sec. 

******************************************************************************** 
ARCHIVE (ZIP): 
******************************************************************************** 
ARCHIVE DIR:  E:/Xampp/htdocs/wpdemo 
ARCHIVE FILE: 20181219_wordpressdemo_eb4abe6ed188b73f4877_20181219124145_archive.zip 
FILTERS: *OFF* 
DIRS:
	not set 
FILES:
	not set 
EXTS:  not set 
---------------------------------------- 
COMPRESSING 
SIZE:	91.75MB 
STATS:	Dirs 266 | Files 2,751 
SQL ADDED: 20181219_wordpressdemo_eb4abe6ed188b73f4877_20181219124145_database.sql 
ZipArchive Object
(
    [status] => 0
    [statusSys] => 0
    [numFiles] => 3017
    [filename] => E:\Xampp\htdocs\wpdemo\wp-snapshots\tmp\20181219_wordpressdemo_eb4abe6ed188b73f4877_20181219124145_archive.zip
    [comment] => 
)
 
COMPRESSION RESULT: '1' 
COMPRESSED SIZE: 56.79MB 
ARCHIVE RUNTIME: 49.17 sec. 
MEMORY STACK: 4MB 
building installer 
add_extra_files1 
add_extra_files2 
add_extra_files3 
add_extra_files4 
Doing archive file check 
add_extra_files5 
add_extra_files6 
add_extra_files8 
Successfully opened zip E:/Xampp/htdocs/wpdemo/wp-snapshots/tmp/20181219_wordpressdemo_eb4abe6ed188b73f4877_20181219124145_archive.zip 
Adding enhanced installer files to archive using ZipArchive 
Installer files added to archive 
Added to archive 
After ziparchive close when adding installer 

******************************************************************************** 
INTEGRITY CHECKS: 
******************************************************************************** 
SQL File: 4.96MB 
Installer File: 32.64KB 
Archive File: 57.62MB  

********************************************************************************
RECORD ID:[1]
TOTAL PROCESS RUNTIME: 58.16 sec.
PEAK PHP MEMORY USED: 8MB
DONE PROCESSING => 20181219_wordpressdemo 19 Dec 2018 12:43 pm
 
